<?xml version="1.0" encoding="UTF-8"?>
<testng-results ignored="0" total="1" passed="1" failed="0" skipped="0">
  <reporter-output>
  </reporter-output>
  <suite started-at="2023-03-23T10:58:29 IST" name="Default suite" finished-at="2023-03-23T10:58:33 IST" duration-ms="4364">
    <groups>
    </groups>
    <test started-at="2023-03-23T10:58:29 IST" name="Default test" finished-at="2023-03-23T10:58:33 IST" duration-ms="4364">
      <class name="testcase.RegisterTest">
        <test-method signature="f()[pri:0, instance:testcase.RegisterTest@5136d012]" started-at="2023-03-23T10:58:29 IST" name="f" finished-at="2023-03-23T10:58:33 IST" duration-ms="4321" status="PASS">
          <reporter-output>
          </reporter-output>
        </test-method> <!-- f -->
      </class> <!-- testcase.RegisterTest -->
    </test> <!-- Default test -->
  </suite> <!-- Default suite -->
</testng-results>
